2022-12-27 08:26:04.606  INFO 19072 --- [restartedMain] Visitor.VisitorApplication               : Starting VisitorApplication using Java 17.0.4 on LAPTOP-3LUCB8HG with PID 19072 (D:\java_project\visitor-management\target\classes started by chand in D:\java_project\visitor-management)
2022-12-27 08:26:04.607  INFO 19072 --- [restartedMain] Visitor.VisitorApplication               : No active profile set, falling back to default profiles: default
2022-12-27 08:26:04.716  INFO 19072 --- [restartedMain] .s.d.r.c.RepositoryConfigurationDelegate : Bootstrapping Spring Data JPA repositories in DEFAULT mode.
2022-12-27 08:26:04.730  INFO 19072 --- [restartedMain] .s.d.r.c.RepositoryConfigurationDelegate : Finished Spring Data repository scanning in 13 ms. Found 6 JPA repository interfaces.
2022-12-27 08:26:04.820  INFO 19072 --- [restartedMain] o.s.b.w.embedded.tomcat.TomcatWebServer  : Tomcat initialized with port(s): 8080 (http)
2022-12-27 08:26:04.821  INFO 19072 --- [restartedMain] o.apache.catalina.core.StandardService   : Starting service [Tomcat]
2022-12-27 08:26:04.821  INFO 19072 --- [restartedMain] org.apache.catalina.core.StandardEngine  : Starting Servlet engine: [Apache Tomcat/9.0.50]
2022-12-27 08:26:04.912  INFO 19072 --- [restartedMain] org.apache.jasper.servlet.TldScanner     : At least one JAR was scanned for TLDs yet contained no TLDs. Enable debug logging for this logger for a complete list of JARs that were scanned but no TLDs were found in them. Skipping unneeded JARs during scanning can improve startup time and JSP compilation time.
2022-12-27 08:26:04.915  INFO 19072 --- [restartedMain] o.a.c.c.C.[.[localhost].[/Visitor]       : Initializing Spring embedded WebApplicationContext
2022-12-27 08:26:04.915  INFO 19072 --- [restartedMain] w.s.c.ServletWebServerApplicationContext : Root WebApplicationContext: initialization completed in 306 ms
2022-12-27 08:26:04.944  INFO 19072 --- [restartedMain] o.hibernate.jpa.internal.util.LogHelper  : HHH000204: Processing PersistenceUnitInfo [name: default]
2022-12-27 08:26:04.948  INFO 19072 --- [restartedMain] com.zaxxer.hikari.HikariDataSource       : HikariPool-2 - Starting...
2022-12-27 08:26:04.998  INFO 19072 --- [restartedMain] com.zaxxer.hikari.HikariDataSource       : HikariPool-2 - Start completed.
2022-12-27 08:26:04.998  INFO 19072 --- [restartedMain] org.hibernate.dialect.Dialect            : HHH000400: Using dialect: org.hibernate.dialect.PostgreSQL92Dialect
2022-12-27 08:26:05.185  INFO 19072 --- [restartedMain] o.h.e.t.j.p.i.JtaPlatformInitiator       : HHH000490: Using JtaPlatform implementation: [org.hibernate.engine.transaction.jta.platform.internal.NoJtaPlatform]
2022-12-27 08:26:05.185  INFO 19072 --- [restartedMain] j.LocalContainerEntityManagerFactoryBean : Initialized JPA EntityManagerFactory for persistence unit 'default'
2022-12-27 08:26:05.339  WARN 19072 --- [restartedMain] JpaBaseConfiguration$JpaWebConfiguration : spring.jpa.open-in-view is enabled by default. Therefore, database queries may be performed during view rendering. Explicitly configure spring.jpa.open-in-view to disable this warning
2022-12-27 08:26:05.361  INFO 19072 --- [restartedMain] o.s.s.web.DefaultSecurityFilterChain     : Will secure any request with [org.springframework.security.web.context.request.async.WebAsyncManagerIntegrationFilter@9a7b0b4, org.springframework.security.web.context.SecurityContextPersistenceFilter@730d24c2, org.springframework.security.web.header.HeaderWriterFilter@1d8530e8, org.springframework.security.web.authentication.logout.LogoutFilter@5ca96c3a, org.springframework.security.web.authentication.UsernamePasswordAuthenticationFilter@276e9306, org.springframework.security.web.savedrequest.RequestCacheAwareFilter@133679d8, org.springframework.security.web.servletapi.SecurityContextHolderAwareRequestFilter@27800926, org.springframework.security.web.authentication.AnonymousAuthenticationFilter@5d947158, org.springframework.security.web.session.SessionManagementFilter@286d3d90, org.springframework.security.web.access.ExceptionTranslationFilter@4dc80e3, org.springframework.security.web.access.intercept.FilterSecurityInterceptor@eff1cf3]
2022-12-27 08:26:05.519  INFO 19072 --- [restartedMain] o.s.b.d.a.OptionalLiveReloadServer       : LiveReload server is running on port 35729
2022-12-27 08:26:05.535  INFO 19072 --- [restartedMain] o.s.b.w.embedded.tomcat.TomcatWebServer  : Tomcat started on port(s): 8080 (http) with context path '/Visitor'
2022-12-27 08:26:05.541  INFO 19072 --- [restartedMain] Visitor.VisitorApplication               : Started VisitorApplication in 0.987 seconds (JVM running for 520.873)
2022-12-27 08:26:05.544  INFO 19072 --- [restartedMain] .ConditionEvaluationDeltaLoggingListener : Condition evaluation unchanged
2022-12-27 08:26:05.546  INFO 19072 --- [restartedMain] Visitor.VisitorApplication               : ########### Visitor Application Started ##################
2022-12-27 08:31:07.730  INFO 19072 --- [Thread-7] j.LocalContainerEntityManagerFactoryBean : Closing JPA EntityManagerFactory for persistence unit 'default'
2022-12-27 08:31:07.730  INFO 19072 --- [Thread-7] com.zaxxer.hikari.HikariDataSource       : HikariPool-2 - Shutdown initiated...
2022-12-27 08:31:07.750  INFO 19072 --- [Thread-7] com.zaxxer.hikari.HikariDataSource       : HikariPool-2 - Shutdown completed.
2022-12-27 08:31:07.833  INFO 19072 --- [restartedMain] Visitor.VisitorApplication               : Starting VisitorApplication using Java 17.0.4 on LAPTOP-3LUCB8HG with PID 19072 (D:\java_project\visitor-management\target\classes started by chand in D:\java_project\visitor-management)
2022-12-27 08:31:07.833  INFO 19072 --- [restartedMain] Visitor.VisitorApplication               : No active profile set, falling back to default profiles: default
2022-12-27 08:31:07.920  INFO 19072 --- [restartedMain] .s.d.r.c.RepositoryConfigurationDelegate : Bootstrapping Spring Data JPA repositories in DEFAULT mode.
2022-12-27 08:31:07.933  INFO 19072 --- [restartedMain] .s.d.r.c.RepositoryConfigurationDelegate : Finished Spring Data repository scanning in 12 ms. Found 6 JPA repository interfaces.
2022-12-27 08:31:08.002  INFO 19072 --- [restartedMain] o.s.b.w.embedded.tomcat.TomcatWebServer  : Tomcat initialized with port(s): 8080 (http)
2022-12-27 08:31:08.003  INFO 19072 --- [restartedMain] o.apache.catalina.core.StandardService   : Starting service [Tomcat]
2022-12-27 08:31:08.003  INFO 19072 --- [restartedMain] org.apache.catalina.core.StandardEngine  : Starting Servlet engine: [Apache Tomcat/9.0.50]
2022-12-27 08:31:08.065  INFO 19072 --- [restartedMain] org.apache.jasper.servlet.TldScanner     : At least one JAR was scanned for TLDs yet contained no TLDs. Enable debug logging for this logger for a complete list of JARs that were scanned but no TLDs were found in them. Skipping unneeded JARs during scanning can improve startup time and JSP compilation time.
2022-12-27 08:31:08.067  INFO 19072 --- [restartedMain] o.a.c.c.C.[.[localhost].[/Visitor]       : Initializing Spring embedded WebApplicationContext
2022-12-27 08:31:08.067  INFO 19072 --- [restartedMain] w.s.c.ServletWebServerApplicationContext : Root WebApplicationContext: initialization completed in 232 ms
2022-12-27 08:31:08.085  INFO 19072 --- [restartedMain] o.hibernate.jpa.internal.util.LogHelper  : HHH000204: Processing PersistenceUnitInfo [name: default]
2022-12-27 08:31:08.087  INFO 19072 --- [restartedMain] com.zaxxer.hikari.HikariDataSource       : HikariPool-3 - Starting...
2022-12-27 08:31:08.126  INFO 19072 --- [restartedMain] com.zaxxer.hikari.HikariDataSource       : HikariPool-3 - Start completed.
2022-12-27 08:31:08.126  INFO 19072 --- [restartedMain] org.hibernate.dialect.Dialect            : HHH000400: Using dialect: org.hibernate.dialect.PostgreSQL92Dialect
2022-12-27 08:31:08.334  INFO 19072 --- [restartedMain] o.h.e.t.j.p.i.JtaPlatformInitiator       : HHH000490: Using JtaPlatform implementation: [org.hibernate.engine.transaction.jta.platform.internal.NoJtaPlatform]
2022-12-27 08:31:08.335  INFO 19072 --- [restartedMain] j.LocalContainerEntityManagerFactoryBean : Initialized JPA EntityManagerFactory for persistence unit 'default'
2022-12-27 08:31:08.485  WARN 19072 --- [restartedMain] JpaBaseConfiguration$JpaWebConfiguration : spring.jpa.open-in-view is enabled by default. Therefore, database queries may be performed during view rendering. Explicitly configure spring.jpa.open-in-view to disable this warning
2022-12-27 08:31:08.504  INFO 19072 --- [restartedMain] o.s.s.web.DefaultSecurityFilterChain     : Will secure any request with [org.springframework.security.web.context.request.async.WebAsyncManagerIntegrationFilter@4bcbfdd5, org.springframework.security.web.context.SecurityContextPersistenceFilter@37abc45a, org.springframework.security.web.header.HeaderWriterFilter@399923c7, org.springframework.security.web.authentication.logout.LogoutFilter@1fa39ca8, org.springframework.security.web.authentication.UsernamePasswordAuthenticationFilter@8f2aeab, org.springframework.security.web.savedrequest.RequestCacheAwareFilter@3fad4db7, org.springframework.security.web.servletapi.SecurityContextHolderAwareRequestFilter@4fdac69e, org.springframework.security.web.authentication.AnonymousAuthenticationFilter@7894f1e9, org.springframework.security.web.session.SessionManagementFilter@56974eeb, org.springframework.security.web.access.ExceptionTranslationFilter@3ec6c919, org.springframework.security.web.access.intercept.FilterSecurityInterceptor@1f59ac2b]
2022-12-27 08:31:08.614  INFO 19072 --- [restartedMain] o.s.b.d.a.OptionalLiveReloadServer       : LiveReload server is running on port 35729
2022-12-27 08:31:08.642  INFO 19072 --- [restartedMain] o.s.b.w.embedded.tomcat.TomcatWebServer  : Tomcat started on port(s): 8080 (http) with context path '/Visitor'
2022-12-27 08:31:08.646  INFO 19072 --- [restartedMain] Visitor.VisitorApplication               : Started VisitorApplication in 0.835 seconds (JVM running for 823.977)
2022-12-27 08:31:08.648  INFO 19072 --- [restartedMain] .ConditionEvaluationDeltaLoggingListener : Condition evaluation unchanged
2022-12-27 08:31:08.649  INFO 19072 --- [restartedMain] Visitor.VisitorApplication               : ########### Visitor Application Started ##################
2022-12-27 08:31:16.257  INFO 19072 --- [Thread-11] j.LocalContainerEntityManagerFactoryBean : Closing JPA EntityManagerFactory for persistence unit 'default'
2022-12-27 08:31:16.259  INFO 19072 --- [Thread-11] com.zaxxer.hikari.HikariDataSource       : HikariPool-3 - Shutdown initiated...
2022-12-27 08:31:16.272  INFO 19072 --- [Thread-11] com.zaxxer.hikari.HikariDataSource       : HikariPool-3 - Shutdown completed.
